#
# There is insufficient memory for the Java Runtime Environment to continue.
# Native memory allocation (malloc) failed to allocate 1180496 bytes for Chunk::new
# Possible reasons:
#   The system is out of physical RAM or swap space
#   In 32 bit mode, the process size limit was hit
# Possible solutions:
#   Reduce memory load on the system
#   Increase physical memory or swap space
#   Check if swap backing store is full
#   Use 64 bit Java on a 64 bit OS
#   Decrease Java heap size (-Xmx/-Xms)
#   Decrease number of Java threads
#   Decrease Java thread stack sizes (-Xss)
#   Set larger code cache with -XX:ReservedCodeCacheSize=
# This output file may be truncated or incomplete.
#
#  Out of Memory Error (allocation.cpp:390), pid=9820, tid=0x00000000000024d4
#
# JRE version: Java(TM) SE Runtime Environment (8.0_144-b01) (build 1.8.0_144-b01)
# Java VM: Java HotSpot(TM) 64-Bit Server VM (25.144-b01 mixed mode windows-amd64 compressed oops)
# Failed to write core dump. Minidumps are not enabled by default on client versions of Windows
#

---------------  T H R E A D  ---------------

Current thread (0x00000000196c2000):  JavaThread "C2 CompilerThread1" daemon [_thread_in_native, id=9428, stack(0x000000001af10000,0x000000001b010000)]

Stack: [0x000000001af10000,0x000000001b010000]
[error occurred during error reporting (printing stack bounds), id 0xc0000005]

Native frames: (J=compiled Java code, j=interpreted, Vv=VM code, C=native code)


Current CompileTask:
C2: 315961 10543       4       org.eclipse.jdt.internal.compiler.lookup.BinaryTypeBinding::createMethod (1473 bytes)


---------------  P R O C E S S  ---------------

Java Threads: ( => current thread )
  0x000000001ce97800 JavaThread "File lock request listener" [_thread_in_native, id=12540, stack(0x0000000020c90000,0x0000000020d90000)]
  0x000000001ce96800 JavaThread "pool-1-thread-1" [_thread_blocked, id=3544, stack(0x000000001f9c0000,0x000000001fac0000)]
  0x000000001971e800 JavaThread "Service Thread" daemon [_thread_blocked, id=2312, stack(0x000000001b510000,0x000000001b610000)]
  0x00000000196c5000 JavaThread "C1 CompilerThread2" daemon [_thread_blocked, id=11692, stack(0x000000001b010000,0x000000001b110000)]
=>0x00000000196c2000 JavaThread "C2 CompilerThread1" daemon [_thread_in_native, id=9428, stack(0x000000001af10000,0x000000001b010000)]
  0x00000000196c0000 JavaThread "C2 CompilerThread0" daemon [_thread_in_native, id=12856, stack(0x000000001ae10000,0x000000001af10000)]
  0x00000000196bd000 JavaThread "Attach Listener" daemon [_thread_blocked, id=8068, stack(0x000000001ad10000,0x000000001ae10000)]
  0x00000000196bc000 JavaThread "Signal Dispatcher" daemon [_thread_blocked, id=8376, stack(0x000000001ac10000,0x000000001ad10000)]
  0x00000000196a9000 JavaThread "Finalizer" daemon [_thread_blocked, id=8112, stack(0x000000001a920000,0x000000001aa20000)]
  0x0000000004c01000 JavaThread "Reference Handler" daemon [_thread_blocked, id=10140, stack(0x000000001a820000,0x000000001a920000)]
  0x0000000004a9d800 JavaThread "main" [_thread_in_vm, id=1252, stack(0x0000000004940000,0x0000000004a40000)]

Other Threads:
  0x0000000019687000 VMThread [stack: 0x000000001a720000,0x000000001a820000] [id=13016]
  0x000000001b164800 WatcherThread [stack: 0x000000001b610000,0x000000001b710000] [id=6200]

VM state:not at safepoint (normal execution)

VM Mutex/Monitor currently owned by a thread: None

Heap:
 PSYoungGen      total 138240K, used 46264K [0x00000000d6200000, 0x00000000e0f00000, 0x0000000100000000)
  eden space 110592K, 31% used [0x00000000d6200000,0x00000000d8419948,0x00000000dce00000)
  from space 27648K, 41% used [0x00000000dce00000,0x00000000dd914840,0x00000000de900000)
  to   space 26112K, 0% used [0x00000000df580000,0x00000000df580000,0x00000000e0f00000)
 ParOldGen       total 164352K, used 52057K [0x0000000082600000, 0x000000008c680000, 0x00000000d6200000)
  object space 164352K, 31% used [0x0000000082600000,0x00000000858d6728,0x000000008c680000)
 Metaspace       used 70215K, capacity 71854K, committed 72192K, reserved 1112064K
  class space    used 8972K, capacity 9392K, committed 9472K, reserved 1048576K

Card table byte_map: [0x0000000013fd0000,0x00000000143c0000] byte_map_base: 0x0000000013bbd000

Marking Bits: (ParMarkBitMap*) 0x000000006805d850
 Begin Bits: [0x0000000014a60000, 0x00000000169c8000)
 End Bits:   [0x00000000169c8000, 0x0000000018930000)

Polling page: 0x00000000009f0000

CodeCache: size=245760Kb used=32364Kb max_used=32373Kb free=213395Kb
 bounds [0x0000000004c10000, 0x0000000006bd0000, 0x0000000013c10000]
 total_blobs=9845 nmethods=9023 adapters=733
 compilation: enabled

Compilation events (10 events):
Event: 315.807 Thread 0x00000000196c5000 10631       3       org.eclipse.jdt.internal.compiler.lookup.TypeBinding::isLocalType (17 bytes)
Event: 315.807 Thread 0x00000000196c5000 nmethod 10631 0x0000000006bc4290 code [0x0000000006bc43e0, 0x0000000006bc4590]
Event: 315.808 Thread 0x00000000196c5000 10632       3       org.eclipse.jdt.internal.compiler.lookup.TypeBinding::erasure (2 bytes)
Event: 315.808 Thread 0x00000000196c5000 nmethod 10632 0x0000000006bc3f50 code [0x0000000006bc40a0, 0x0000000006bc41f0]
Event: 315.810 Thread 0x00000000196c0000 nmethod 10610 0x0000000006bc3b10 code [0x0000000006bc3c60, 0x0000000006bc3e48]
Event: 315.810 Thread 0x00000000196c0000 10630       4       org.eclipse.jdt.internal.compiler.lookup.ReferenceBinding$3::compare (13 bytes)
Event: 315.814 Thread 0x00000000196c0000 nmethod 10630 0x0000000006bc8510 code [0x0000000006bc8660, 0x0000000006bc8938]
Event: 315.815 Thread 0x00000000196c5000 10633       3       org.eclipse.jdt.internal.compiler.lookup.FieldBinding::isStatic (14 bytes)
Event: 315.815 Thread 0x00000000196c5000 nmethod 10633 0x0000000006bc3750 code [0x0000000006bc38a0, 0x0000000006bc3a50]
Event: 315.850 Thread 0x00000000196c0000 10634       4       java.util.regex.Matcher::find (69 bytes)

GC Heap History (10 events):
Event: 300.300 GC heap before
{Heap before GC invocations=22 (full 2):
 PSYoungGen      total 124416K, used 124185K [0x00000000d6200000, 0x00000000e1200000, 0x0000000100000000)
  eden space 120832K, 100% used [0x00000000d6200000,0x00000000dd800000,0x00000000dd800000)
  from space 3584K, 93% used [0x00000000ddb80000,0x00000000ddec67b8,0x00000000ddf00000)
  to   space 29696K, 0% used [0x00000000df500000,0x00000000df500000,0x00000000e1200000)
 ParOldGen       total 94208K, used 44353K [0x0000000082600000, 0x0000000088200000, 0x00000000d6200000)
  object space 94208K, 47% used [0x0000000082600000,0x0000000085150748,0x0000000088200000)
 Metaspace       used 51737K, capacity 52814K, committed 53120K, reserved 1095680K
  class space    used 6739K, capacity 7021K, committed 7040K, reserved 1048576K
Event: 300.307 GC heap after
Heap after GC invocations=22 (full 2):
 PSYoungGen      total 142336K, used 3842K [0x00000000d6200000, 0x00000000e0d80000, 0x0000000100000000)
  eden space 117248K, 0% used [0x00000000d6200000,0x00000000d6200000,0x00000000dd480000)
  from space 25088K, 15% used [0x00000000df500000,0x00000000df8c0aa8,0x00000000e0d80000)
  to   space 29184K, 0% used [0x00000000dd480000,0x00000000dd480000,0x00000000df100000)
 ParOldGen       total 94208K, used 44361K [0x0000000082600000, 0x0000000088200000, 0x00000000d6200000)
  object space 94208K, 47% used [0x0000000082600000,0x0000000085152748,0x0000000088200000)
 Metaspace       used 51737K, capacity 52814K, committed 53120K, reserved 1095680K
  class space    used 6739K, capacity 7021K, committed 7040K, reserved 1048576K
}
Event: 301.391 GC heap before
{Heap before GC invocations=23 (full 2):
 PSYoungGen      total 142336K, used 121090K [0x00000000d6200000, 0x00000000e0d80000, 0x0000000100000000)
  eden space 117248K, 100% used [0x00000000d6200000,0x00000000dd480000,0x00000000dd480000)
  from space 25088K, 15% used [0x00000000df500000,0x00000000df8c0aa8,0x00000000e0d80000)
  to   space 29184K, 0% used [0x00000000dd480000,0x00000000dd480000,0x00000000df100000)
 ParOldGen       total 94208K, used 44361K [0x0000000082600000, 0x0000000088200000, 0x00000000d6200000)
  object space 94208K, 47% used [0x0000000082600000,0x0000000085152748,0x0000000088200000)
 Metaspace       used 54752K, capacity 56110K, committed 56192K, reserved 1097728K
  class space    used 7172K, capacity 7509K, committed 7552K, reserved 1048576K
Event: 301.406 GC heap after
Heap after GC invocations=23 (full 2):
 PSYoungGen      total 124416K, used 10489K [0x00000000d6200000, 0x00000000e0700000, 0x0000000100000000)
  eden space 113664K, 0% used [0x00000000d6200000,0x00000000d6200000,0x00000000dd100000)
  from space 10752K, 97% used [0x00000000dd480000,0x00000000ddebe4d0,0x00000000ddf00000)
  to   space 27648K, 0% used [0x00000000dec00000,0x00000000dec00000,0x00000000e0700000)
 ParOldGen       total 94208K, used 44369K [0x0000000082600000, 0x0000000088200000, 0x00000000d6200000)
  object space 94208K, 47% used [0x0000000082600000,0x0000000085154748,0x0000000088200000)
 Metaspace       used 54752K, capacity 56110K, committed 56192K, reserved 1097728K
  class space    used 7172K, capacity 7509K, committed 7552K, reserved 1048576K
}
Event: 303.398 GC heap before
{Heap before GC invocations=24 (full 2):
 PSYoungGen      total 124416K, used 92775K [0x00000000d6200000, 0x00000000e0700000, 0x0000000100000000)
  eden space 113664K, 72% used [0x00000000d6200000,0x00000000db25b838,0x00000000dd100000)
  from space 10752K, 97% used [0x00000000dd480000,0x00000000ddebe4d0,0x00000000ddf00000)
  to   space 27648K, 0% used [0x00000000dec00000,0x00000000dec00000,0x00000000e0700000)
 ParOldGen       total 94208K, used 44369K [0x0000000082600000, 0x0000000088200000, 0x00000000d6200000)
  object space 94208K, 47% used [0x0000000082600000,0x0000000085154748,0x0000000088200000)
 Metaspace       used 57433K, capacity 58870K, committed 59008K, reserved 1099776K
  class space    used 7565K, capacity 7941K, committed 8064K, reserved 1048576K
Event: 303.419 GC heap after
Heap after GC invocations=24 (full 2):
 PSYoungGen      total 135168K, used 15560K [0x00000000d6200000, 0x00000000e0400000, 0x0000000100000000)
  eden space 110592K, 0% used [0x00000000d6200000,0x00000000d6200000,0x00000000dce00000)
  from space 24576K, 63% used [0x00000000dec00000,0x00000000dfb323b0,0x00000000e0400000)
  to   space 27648K, 0% used [0x00000000dce00000,0x00000000dce00000,0x00000000de900000)
 ParOldGen       total 94208K, used 44377K [0x0000000082600000, 0x0000000088200000, 0x00000000d6200000)
  object space 94208K, 47% used [0x0000000082600000,0x0000000085156748,0x0000000088200000)
 Metaspace       used 57433K, capacity 58870K, committed 59008K, reserved 1099776K
  class space    used 7565K, capacity 7941K, committed 8064K, reserved 1048576K
}
Event: 303.419 GC heap before
{Heap before GC invocations=25 (full 3):
 PSYoungGen      total 135168K, used 15560K [0x00000000d6200000, 0x00000000e0400000, 0x0000000100000000)
  eden space 110592K, 0% used [0x00000000d6200000,0x00000000d6200000,0x00000000dce00000)
  from space 24576K, 63% used [0x00000000dec00000,0x00000000dfb323b0,0x00000000e0400000)
  to   space 27648K, 0% used [0x00000000dce00000,0x00000000dce00000,0x00000000de900000)
 ParOldGen       total 94208K, used 44377K [0x0000000082600000, 0x0000000088200000, 0x00000000d6200000)
  object space 94208K, 47% used [0x0000000082600000,0x0000000085156748,0x0000000088200000)
 Metaspace       used 57433K, capacity 58870K, committed 59008K, reserved 1099776K
  class space    used 7565K, capacity 7941K, committed 8064K, reserved 1048576K
Event: 303.852 GC heap after
Heap after GC invocations=25 (full 3):
 PSYoungGen      total 135168K, used 0K [0x00000000d6200000, 0x00000000e0400000, 0x0000000100000000)
  eden space 110592K, 0% used [0x00000000d6200000,0x00000000d6200000,0x00000000dce00000)
  from space 24576K, 0% used [0x00000000dec00000,0x00000000dec00000,0x00000000e0400000)
  to   space 27648K, 0% used [0x00000000dce00000,0x00000000dce00000,0x00000000de900000)
 ParOldGen       total 164352K, used 52049K [0x0000000082600000, 0x000000008c680000, 0x00000000d6200000)
  object space 164352K, 31% used [0x0000000082600000,0x00000000858d4728,0x000000008c680000)
 Metaspace       used 57393K, capacity 58764K, committed 59008K, reserved 1099776K
  class space    used 7553K, capacity 7927K, committed 8064K, reserved 1048576K
}
Event: 315.427 GC heap before
{Heap before GC invocations=26 (full 3):
 PSYoungGen      total 135168K, used 110592K [0x00000000d6200000, 0x00000000e0400000, 0x0000000100000000)
  eden space 110592K, 100% used [0x00000000d6200000,0x00000000dce00000,0x00000000dce00000)
  from space 24576K, 0% used [0x00000000dec00000,0x00000000dec00000,0x00000000e0400000)
  to   space 27648K, 0% used [0x00000000dce00000,0x00000000dce00000,0x00000000de900000)
 ParOldGen       total 164352K, used 52049K [0x0000000082600000, 0x000000008c680000, 0x00000000d6200000)
  object space 164352K, 31% used [0x0000000082600000,0x00000000858d4728,0x000000008c680000)
 Metaspace       used 66184K, capacity 67790K, committed 67968K, reserved 1107968K
  class space    used 8600K, capacity 8976K, committed 9088K, reserved 1048576K
Event: 315.439 GC heap after
Heap after GC invocations=26 (full 3):
 PSYoungGen      total 138240K, used 11346K [0x00000000d6200000, 0x00000000e0f00000, 0x0000000100000000)
  eden space 110592K, 0% used [0x00000000d6200000,0x00000000d6200000,0x00000000dce00000)
  from space 27648K, 41% used [0x00000000dce00000,0x00000000dd914840,0x00000000de900000)
  to   space 26112K, 0% used [0x00000000df580000,0x00000000df580000,0x00000000e0f00000)
 ParOldGen       total 164352K, used 52057K [0x0000000082600000, 0x000000008c680000, 0x00000000d6200000)
  object space 164352K, 31% used [0x0000000082600000,0x00000000858d6728,0x000000008c680000)
 Metaspace       used 66184K, capacity 67790K, committed 67968K, reserved 1107968K
  class space    used 8600K, capacity 8976K, committed 9088K, reserved 1048576K
}

Deoptimization events (10 events):
Event: 315.189 Thread 0x0000000004a9d800 Uncommon trap: reason=class_check action=maybe_recompile pc=0x0000000006248cb0 method=java.util.regex.Pattern$BnM.match(Ljava/util/regex/Matcher;ILjava/lang/CharSequence;)Z @ 111
Event: 315.192 Thread 0x0000000004a9d800 Uncommon trap: reason=class_check action=maybe_recompile pc=0x0000000006248cb0 method=java.util.regex.Pattern$BnM.match(Ljava/util/regex/Matcher;ILjava/lang/CharSequence;)Z @ 111
Event: 315.195 Thread 0x0000000004a9d800 Uncommon trap: reason=class_check action=maybe_recompile pc=0x0000000006248cb0 method=java.util.regex.Pattern$BnM.match(Ljava/util/regex/Matcher;ILjava/lang/CharSequence;)Z @ 111
Event: 315.209 Thread 0x0000000004a9d800 Uncommon trap: reason=bimorphic action=maybe_recompile pc=0x000000000509c51c method=java.io.DataOutputStream.writeShort(I)V @ 12
Event: 315.245 Thread 0x0000000004a9d800 Uncommon trap: reason=unstable_if action=reinterpret pc=0x0000000006655234 method=com.esotericsoftware.kryo.io.Input.readUtf8(I)V @ 79
Event: 315.245 Thread 0x0000000004a9d800 Uncommon trap: reason=unstable_if action=reinterpret pc=0x0000000004de92c4 method=com.esotericsoftware.kryo.io.Input.readUtf8(I)V @ 79
Event: 315.286 Thread 0x0000000004a9d800 Uncommon trap: reason=bimorphic action=maybe_recompile pc=0x000000000509c51c method=java.io.DataOutputStream.writeShort(I)V @ 12
Event: 315.566 Thread 0x0000000004a9d800 Uncommon trap: reason=unstable_if action=reinterpret pc=0x00000000065c56f8 method=java.util.Properties.loadConvert([CII[C)Ljava/lang/String; @ 445
Event: 315.630 Thread 0x0000000004a9d800 Uncommon trap: reason=unstable_if action=reinterpret pc=0x0000000004f5476c method=java.util.zip.ZipEntry.setExtra0([BZ)V @ 288
Event: 315.663 Thread 0x0000000004a9d800 Uncommon trap: reason=unstable_if action=reinterpret pc=0x0000000005fec164 method=java.io.BufferedInputStream.read([BII)I @ 31

Internal exceptions (10 events):
Event: 303.255 Thread 0x0000000004a9d800 Exception <a 'java/lang/ClassNotFoundException': org/gradle/api/internal/tasks/DefaultTaskOutputsCustomizer> (0x00000000daca5520) thrown at [C:\re\workspace\8-2-build-windows-amd64-cygwin\jdk8u144\9417\hotspot\src\share\vm\classfile\systemDictionary.cpp, 
Event: 303.259 Thread 0x0000000004a9d800 Exception <a 'java/lang/ClassNotFoundException': org/apache/tools/ant/taskdefs/condition/OsBeanInfo> (0x00000000dace28d0) thrown at [C:\re\workspace\8-2-build-windows-amd64-cygwin\jdk8u144\9417\hotspot\src\share\vm\classfile\systemDictionary.cpp, line 210
Event: 303.259 Thread 0x0000000004a9d800 Exception <a 'java/lang/ClassNotFoundException': org/apache/tools/ant/taskdefs/condition/OsCustomizer> (0x00000000daceca58) thrown at [C:\re\workspace\8-2-build-windows-amd64-cygwin\jdk8u144\9417\hotspot\src\share\vm\classfile\systemDictionary.cpp, line 2
Event: 303.964 Thread 0x0000000004a9d800 Exception <a 'java/lang/ClassNotFoundException': com/android/build/gradle/internal/LibraryCache$1BeanInfo> (0x00000000d672e6f0) thrown at [C:\re\workspace\8-2-build-windows-amd64-cygwin\jdk8u144\9417\hotspot\src\share\vm\classfile\systemDictionary.cpp, li
Event: 303.964 Thread 0x0000000004a9d800 Exception <a 'java/lang/ClassNotFoundException': com/android/build/gradle/internal/LibraryCache$1Customizer> (0x00000000d673f9a8) thrown at [C:\re\workspace\8-2-build-windows-amd64-cygwin\jdk8u144\9417\hotspot\src\share\vm\classfile\systemDictionary.cpp, 
Event: 312.626 Thread 0x0000000004a9d800 Implicit null exception at 0x000000000510bb6a to 0x000000000510bddd
Event: 315.590 Thread 0x0000000004a9d800 Exception <a 'java/lang/ArrayIndexOutOfBoundsException': 2064> (0x00000000d6f0e678) thrown at [C:\re\workspace\8-2-build-windows-amd64-cygwin\jdk8u144\9417\hotspot\src\share\vm\interpreter\interpreterRuntime.cpp, line 366]
Event: 315.646 Thread 0x0000000004a9d800 Exception <a 'java/lang/ArrayIndexOutOfBoundsException': 909> (0x00000000d7706720) thrown at [C:\re\workspace\8-2-build-windows-amd64-cygwin\jdk8u144\9417\hotspot\src\share\vm\interpreter\interpreterRuntime.cpp, line 366]
Event: 315.657 Thread 0x0000000004a9d800 Exception <a 'java/lang/ArrayIndexOutOfBoundsException': 3653> (0x00000000d7774c58) thrown at [C:\re\workspace\8-2-build-windows-amd64-cygwin\jdk8u144\9417\hotspot\src\share\vm\interpreter\interpreterRuntime.cpp, line 366]
Event: 315.662 Thread 0x0000000004a9d800 Exception <a 'java/lang/ArrayIndexOutOfBoundsException'> (0x00000000d77ba9b8) thrown at [C:\re\workspace\8-2-build-windows-amd64-cygwin\jdk8u144\9417\hotspot\src\share\vm\runtime\sharedRuntime.cpp, line 605]

Events (10 events):
Event: 315.853 loading class com/intellij/util/containers/ConcurrentRefValueIntObjectHashMap$IntReference
Event: 315.853 loading class com/intellij/util/containers/ConcurrentRefValueIntObjectHashMap$IntReference done
Event: 315.853 loading class com/intellij/util/containers/ConcurrentIntObjectHashMap
Event: 315.853 loading class com/intellij/util/containers/ConcurrentIntObjectHashMap done
Event: 315.855 loading class com/intellij/util/containers/ConcurrentIntObjectHashMap$Node
Event: 315.855 loading class com/intellij/util/containers/ConcurrentIntObjectHashMap$Node done
Event: 315.855 loading class com/intellij/util/containers/ConcurrentIntObjectMap$IntEntry
Event: 315.855 loading class com/intellij/util/containers/ConcurrentIntObjectMap$IntEntry done
Event: 315.855 loading class com/intellij/util/containers/ConcurrentIntObjectHashMap$TreeNode
Event: 315.855 loading class com/intellij/util/containers/ConcurrentIntObjectHashMap$TreeNode done


Dynamic libraries:
0x00007ff7c2660000 - 0x00007ff7c2697000 	C:\Program Files\Java\jdk1.8.0_144\bin\java.exe
0x00007ffe401b0000 - 0x00007ffe40390000 	C:\WINDOWS\SYSTEM32\ntdll.dll
0x00007ffe3e170000 - 0x00007ffe3e21e000 	C:\WINDOWS\System32\KERNEL32.DLL
0x00007ffe3cdf0000 - 0x00007ffe3d056000 	C:\WINDOWS\System32\KERNELBASE.dll
0x00007ffe3de20000 - 0x00007ffe3dec1000 	C:\WINDOWS\System32\ADVAPI32.dll
0x00007ffe40020000 - 0x00007ffe400bd000 	C:\WINDOWS\System32\msvcrt.dll
0x00007ffe3dc30000 - 0x00007ffe3dc8b000 	C:\WINDOWS\System32\sechost.dll
0x00007ffe3df30000 - 0x00007ffe3e04f000 	C:\WINDOWS\System32\RPCRT4.dll
0x00007ffe3dc90000 - 0x00007ffe3de1f000 	C:\WINDOWS\System32\USER32.dll
0x00007ffe3d390000 - 0x00007ffe3d3b0000 	C:\WINDOWS\System32\win32u.dll
0x00007ffe3e520000 - 0x00007ffe3e548000 	C:\WINDOWS\System32\GDI32.dll
0x00007ffe3d4e0000 - 0x00007ffe3d673000 	C:\WINDOWS\System32\gdi32full.dll
0x00007ffe3c600000 - 0x00007ffe3c69b000 	C:\WINDOWS\System32\msvcp_win.dll
0x00007ffe3d290000 - 0x00007ffe3d386000 	C:\WINDOWS\System32\ucrtbase.dll
0x00007ffe29d80000 - 0x00007ffe29fe9000 	C:\WINDOWS\WinSxS\amd64_microsoft.windows.common-controls_6595b64144ccf1df_6.0.16299.192_none_15c8cdae9364c23b\COMCTL32.dll
0x00007ffe3fb60000 - 0x00007ffe3fe68000 	C:\WINDOWS\System32\combase.dll
0x00007ffe3d460000 - 0x00007ffe3d4d2000 	C:\WINDOWS\System32\bcryptPrimitives.dll
0x00007ffe3fb30000 - 0x00007ffe3fb5d000 	C:\WINDOWS\System32\IMM32.DLL
0x00000000680e0000 - 0x00000000681b2000 	C:\Program Files\Java\jdk1.8.0_144\jre\bin\msvcr100.dll
0x0000000067840000 - 0x00000000680dd000 	C:\Program Files\Java\jdk1.8.0_144\jre\bin\server\jvm.dll
0x00007ffe3e160000 - 0x00007ffe3e168000 	C:\WINDOWS\System32\PSAPI.DLL
0x00007ffe393d0000 - 0x00007ffe393d9000 	C:\WINDOWS\SYSTEM32\WSOCK32.dll
0x00007ffe3e3f0000 - 0x00007ffe3e45c000 	C:\WINDOWS\System32\WS2_32.dll
0x00007ffe38b90000 - 0x00007ffe38bb3000 	C:\WINDOWS\SYSTEM32\WINMM.dll
0x00007ffe35ab0000 - 0x00007ffe35aba000 	C:\WINDOWS\SYSTEM32\VERSION.dll
0x00007ffe38b20000 - 0x00007ffe38b4a000 	C:\WINDOWS\SYSTEM32\WINMMBASE.dll
0x00007ffe3c5b0000 - 0x00007ffe3c5fa000 	C:\WINDOWS\System32\cfgmgr32.dll
0x000000006c290000 - 0x000000006c29f000 	C:\Program Files\Java\jdk1.8.0_144\jre\bin\verify.dll
0x000000006c260000 - 0x000000006c289000 	C:\Program Files\Java\jdk1.8.0_144\jre\bin\java.dll
0x000000006c240000 - 0x000000006c256000 	C:\Program Files\Java\jdk1.8.0_144\jre\bin\zip.dll
0x00007ffe3e6f0000 - 0x00007ffe3fb26000 	C:\WINDOWS\System32\SHELL32.dll
0x00007ffe400d0000 - 0x00007ffe40176000 	C:\WINDOWS\System32\shcore.dll
0x00007ffe3c6a0000 - 0x00007ffe3cde7000 	C:\WINDOWS\System32\windows.storage.dll
0x00007ffe3ded0000 - 0x00007ffe3df21000 	C:\WINDOWS\System32\shlwapi.dll
0x00007ffe3c590000 - 0x00007ffe3c5a1000 	C:\WINDOWS\System32\kernel.appcore.dll
0x00007ffe3c500000 - 0x00007ffe3c54c000 	C:\WINDOWS\System32\powrprof.dll
0x00007ffe3c550000 - 0x00007ffe3c56b000 	C:\WINDOWS\System32\profapi.dll
0x000000006b500000 - 0x000000006b51a000 	C:\Program Files\Java\jdk1.8.0_144\jre\bin\net.dll
0x00007ffe3bd90000 - 0x00007ffe3bdf6000 	C:\WINDOWS\system32\mswsock.dll
0x000000006b4e0000 - 0x000000006b4f1000 	C:\Program Files\Java\jdk1.8.0_144\jre\bin\nio.dll
0x00007ffe22dc0000 - 0x00007ffe22dd2000 	C:\Users\OD\.gradle\native\19\windows-amd64\native-platform.dll
0x0000000180000000 - 0x0000000180037000 	C:\Users\OD\.gradle\native\jna\win32-amd64\jnidispatch.dll
0x00007ffe3bf50000 - 0x00007ffe3bf67000 	C:\WINDOWS\SYSTEM32\CRYPTSP.dll
0x00007ffe3b9a0000 - 0x00007ffe3b9d3000 	C:\WINDOWS\system32\rsaenh.dll
0x00007ffe3c060000 - 0x00007ffe3c085000 	C:\WINDOWS\SYSTEM32\bcrypt.dll
0x00007ffe3c430000 - 0x00007ffe3c459000 	C:\WINDOWS\SYSTEM32\USERENV.dll
0x00007ffe3bf70000 - 0x00007ffe3bf7b000 	C:\WINDOWS\SYSTEM32\CRYPTBASE.dll
0x00007ffe3bb20000 - 0x00007ffe3bb59000 	C:\WINDOWS\SYSTEM32\IPHLPAPI.DLL
0x00007ffe3d7d0000 - 0x00007ffe3d7d8000 	C:\WINDOWS\System32\NSI.dll
0x00007ffe36fe0000 - 0x00007ffe36ff6000 	C:\WINDOWS\SYSTEM32\dhcpcsvc6.DLL
0x00007ffe36fc0000 - 0x00007ffe36fda000 	C:\WINDOWS\SYSTEM32\dhcpcsvc.DLL
0x000000006b4d0000 - 0x000000006b4dd000 	C:\Program Files\Java\jdk1.8.0_144\jre\bin\management.dll
0x000000006b4a0000 - 0x000000006b4c4000 	C:\Program Files\Java\jdk1.8.0_144\jre\bin\sunec.dll
0x00007ffe3bb70000 - 0x00007ffe3bc26000 	C:\WINDOWS\SYSTEM32\DNSAPI.dll
0x00007ffe2ee20000 - 0x00007ffe2ee2a000 	C:\Windows\System32\rasadhlp.dll
0x00007ffe2ee70000 - 0x00007ffe2eee0000 	C:\WINDOWS\System32\fwpuclnt.dll
0x000000006b490000 - 0x000000006b49b000 	C:\Program Files\Java\jdk1.8.0_144\jre\bin\sunmscapi.dll
0x00007ffe3d0c0000 - 0x00007ffe3d28e000 	C:\WINDOWS\System32\CRYPT32.dll
0x00007ffe3c570000 - 0x00007ffe3c582000 	C:\WINDOWS\System32\MSASN1.dll
0x00007ffe3a9a0000 - 0x00007ffe3aa28000 	C:\WINDOWS\system32\apphelp.dll

VM Arguments:
jvm_args: -Dorg.gradle.appname=gradlew 
java_command: org.gradle.wrapper.GradleWrapperMain installDebug
java_class_path (initial): C:\Users\OD\Desktop\NATIVE\MovieTickets\android\\gradle\wrapper\gradle-wrapper.jar
Launcher Type: SUN_STANDARD

Environment Variables:
JAVA_HOME=C:\Program Files\Java\jdk1.8.0_144
JRE_HOME=C:\Program Files\Java\jdk1.8.0_144\jre
CLASSPATH=C:\Users\OD\Desktop\NATIVE\MovieTickets\android\\gradle\wrapper\gradle-wrapper.jar
PATH=C:\ProgramData\Oracle\Java\javapath;C:\Program Files (x86)\Cuminas\Document Express DjVu Plug-in\;C:\MinGW64\bin;C:\Program Files\nodejs\;C:\Python36-32\;C:\Python36-32\Scripts\;C:\Program Files\Git\cmd;C:\WINDOWS\system32;C:\WINDOWS;C:\WINDOWS\System32\Wbem;C:\WINDOWS\System32\WindowsPowerShell\v1.0\;C:\Program Files (x86)\GtkSharp\2.12\bin;C:\Program Files (x86)\Yarn\bin;C:\Users\OD\AppData\Roaming\npm;C:\Program Files\MongoDB\Server\3.6\bin;C:\Users\OD\AppData\Local\GitHubDesktop\bin;C:\Users\OD\AppData\Local\Yarn\bin;C:\Users\OD\AppData\Roaming\npm\node_modules;;C:\Program Files\Microsoft VS Code\bin
USERNAME=OD
OS=Windows_NT
PROCESSOR_IDENTIFIER=Intel64 Family 6 Model 78 Stepping 3, GenuineIntel



---------------  S Y S T E M  ---------------

OS: Windows 10.0 , 64 bit Build 16299 (10.0.16299.15)

CPU:total 4 (initial active 4) (2 cores per cpu, 2 threads per core) family 6 model 78 stepping 3, cmov, cx8, fxsr, mmx, sse, sse2, sse3, ssse3, sse4.1, sse4.2, popcnt, avx, avx2, aes, clmul, erms, 3dnowpref, lzcnt, ht, tsc, tscinvbit, bmi1, bmi2, adx

Memory: 4k page, physical 8232348k(795724k free), swap 12540072k(8288k free)

vm_info: Java HotSpot(TM) 64-Bit Server VM (25.144-b01) for windows-amd64 JRE (1.8.0_144-b01), built on Jul 21 2017 21:57:33 by "java_re" with MS VC++ 10.0 (VS2010)

time: Sun Feb 11 15:42:01 2018
elapsed time: 315 seconds (0d 0h 5m 15s)

